#
# There is insufficient memory for the Java Runtime Environment to continue.
# Native memory allocation (mmap) failed to map 65011712 bytes. Error detail: G1 virtual space
# Possible reasons:
#   The system is out of physical RAM or swap space
#   This process is running with CompressedOops enabled, and the Java Heap may be blocking the growth of the native heap
# Possible solutions:
#   Reduce memory load on the system
#   Increase physical memory or swap space
#   Check if swap backing store is full
#   Decrease Java heap size (-Xmx/-Xms)
#   Decrease number of Java threads
#   Decrease Java thread stack sizes (-Xss)
#   Set larger code cache with -XX:ReservedCodeCacheSize=
#   JVM is running with Unscaled Compressed Oops mode in which the Java heap is
#     placed in the first 4GB address space. The Java Heap base address is the
#     maximum limit for the native heap growth. Please use -XX:HeapBaseMinAddress
#     to set the Java Heap base and to place the Java Heap above 4GB virtual address.
# This output file may be truncated or incomplete.
#
#  Out of Memory Error (os_windows.cpp:3828), pid=27704, tid=29828
#
# JRE version:  (21.0.4) (build )
# Java VM: OpenJDK 64-Bit Server VM (21.0.4+-12508038-b607.1, mixed mode, sharing, tiered, compressed oops, compressed class ptrs, g1 gc, windows-amd64)
# No core dump will be written. Minidumps are not enabled by default on client versions of Windows
#

---------------  S U M M A R Y ------------

Command Line: git4idea.http.GitAskPassApp Username for 'https://github.com': 

Host: 11th Gen Intel(R) Core(TM) i3-1115G4 @ 3.00GHz, 4 cores, 3G,  Windows 11 , 64 bit Build 22621 (10.0.22621.4391)
Time: Tue Jan 28 01:16:16 2025 Hora estándar, América Central elapsed time: 0.017739 seconds (0d 0h 0m 0s)

---------------  T H R E A D  ---------------

Current thread (0x0000023af154fb40):  JavaThread "Unknown thread" [_thread_in_vm, id=29828, stack(0x00000086b1400000,0x00000086b1500000) (1024K)]

Stack: [0x00000086b1400000,0x00000086b1500000]
Native frames: (J=compiled Java code, j=interpreted, Vv=VM code, C=native code)
V  [jvm.dll+0x6ce539]
V  [jvm.dll+0x85bf03]
V  [jvm.dll+0x85e45e]
V  [jvm.dll+0x85eb43]
V  [jvm.dll+0x27dd06]
V  [jvm.dll+0x6cada5]
V  [jvm.dll+0x6bf27a]
V  [jvm.dll+0x3541fb]
V  [jvm.dll+0x35be36]
V  [jvm.dll+0x3adbc6]
V  [jvm.dll+0x3ade98]
V  [jvm.dll+0x32691c]
V  [jvm.dll+0x32760b]
V  [jvm.dll+0x823959]
V  [jvm.dll+0x3bacf8]
V  [jvm.dll+0x80cd58]
V  [jvm.dll+0x44ef2e]
V  [jvm.dll+0x450691]
C  [jli.dll+0x52ab]
C  [ucrtbase.dll+0x29333]
C  [KERNEL32.DLL+0x1259d]
C  [ntdll.dll+0x5af38]


---------------  P R O C E S S  ---------------

Threads class SMR info:
_java_thread_list=0x00007ffc8ba1a808, length=0, elements={
}

Java Threads: ( => current thread )
Total: 0

Other Threads:
  0x0000023af367ffc0 WorkerThread "GC Thread#0"                     [id=21804, stack(0x00000086b1500000,0x00000086b1600000) (1024K)]
  0x0000023af3688960 ConcurrentGCThread "G1 Main Marker"            [id=28352, stack(0x00000086b1600000,0x00000086b1700000) (1024K)]
  0x0000023af36895d0 WorkerThread "G1 Conc#0"                       [id=35008, stack(0x00000086b1700000,0x00000086b1800000) (1024K)]

[error occurred during error reporting (printing all threads), id 0xc0000005, EXCEPTION_ACCESS_VIOLATION (0xc0000005) at pc=0x00007ffc8b219957]
VM state: not at safepoint (not fully initialized)

VM Mutex/Monitor currently owned by a thread:  ([mutex/lock_event])
[0x00007ffc8ba873f8] Heap_lock - owner thread: 0x0000023af154fb40

Heap address: 0x00000000c3200000, size: 974 MB, Compressed Oops mode: 32-bit

CDS archive(s) mapped at: [0x0000000000000000-0x0000000000000000-0x0000000000000000), size 0, SharedBaseAddress: 0x0000000800000000, ArchiveRelocationMode: 1.
Narrow klass base: 0x0000000000000000, Narrow klass shift: 0, Narrow klass range: 0x0

GC Precious Log:
 CardTable entry size: 512
 Card Set container configuration: InlinePtr #cards 5 size 8 Array Of Cards #cards 12 size 40 Howl #buckets 4 coarsen threshold 1843 Howl Bitmap #cards 512 size 80 coarsen threshold 460 Card regions per heap region 1 cards per card region 2048

Heap:
 garbage-first heap   total 0K, used 0K [0x00000000c3200000, 0x0000000100000000)
  region size 1024K, 0 young (0K), 0 survivors (0K)
 Metaspace       used 0K, committed 0K, reserved 0K
  class space    used 0K, committed 0K, reserved 0K

Heap Regions: E=young(eden), S=young(survivor), O=old, HS=humongous(starts), HC=humongous(continues), CS=collection set, F=free, TAMS=top-at-mark-start, PB=parsable bottom

Card table byte_map: [0x0000023af6980000,0x0000023af6b70000] _byte_map_base: 0x0000023af6367000

Marking Bits: (CMBitMap*) 0x0000023af36806c0
 Bits: [0x0000023af6b70000, 0x0000023af7aa8000)

GC Heap History (0 events):
No events

Dll operation events (1 events):
Event: 0.010 Loaded shared library C:\Program Files\Android\Android Studio\jbr\bin\java.dll

Deoptimization events (0 events):
No events

Classes loaded (0 events):
No events

Classes unloaded (0 events):
No events

Classes redefined (0 events):
No events

Internal exceptions (0 events):
No events

ZGC Phase Switch (0 events):
No events

VM Operations (0 events):
No events

Memory protections (0 events):
No events

Nmethod flushes (0 events):
No events

Events (0 events):
No events


Dynamic libraries:
0x00007ff7ab3e0000 - 0x00007ff7ab3ea000 	C:\Program Files\Android\Android Studio\jbr\bin\java.exe
0x00007ffd08cb0000 - 0x00007ffd08ec7000 	C:\Windows\SYSTEM32\ntdll.dll
0x00007ffd089a0000 - 0x00007ffd08a64000 	C:\Windows\System32\KERNEL32.DLL
0x00007ffd061f0000 - 0x00007ffd065aa000 	C:\Windows\System32\KERNELBASE.dll
0x00007ffd06870000 - 0x00007ffd06981000 	C:\Windows\System32\ucrtbase.dll
0x00007ffcde1a0000 - 0x00007ffcde1b8000 	C:\Program Files\Android\Android Studio\jbr\bin\jli.dll
0x00007ffd07fc0000 - 0x00007ffd0816e000 	C:\Windows\System32\USER32.dll
0x00007ffd06990000 - 0x00007ffd069b6000 	C:\Windows\System32\win32u.dll
0x00007ffd07870000 - 0x00007ffd07899000 	C:\Windows\System32\GDI32.dll
0x00007ffd060d0000 - 0x00007ffd061eb000 	C:\Windows\System32\gdi32full.dll
0x00007ffd067d0000 - 0x00007ffd0686a000 	C:\Windows\System32\msvcp_win.dll
0x00007ffcff810000 - 0x00007ffcff82b000 	C:\Program Files\Android\Android Studio\jbr\bin\VCRUNTIME140.dll
0x00007ffcea600000 - 0x00007ffcea892000 	C:\Windows\WinSxS\amd64_microsoft.windows.common-controls_6595b64144ccf1df_6.0.22621.4541_none_2710d1c57384c085\COMCTL32.dll
0x00007ffd07550000 - 0x00007ffd075f7000 	C:\Windows\System32\msvcrt.dll
0x00007ffd07a60000 - 0x00007ffd07a91000 	C:\Windows\System32\IMM32.DLL
0x00007ffd00950000 - 0x00007ffd0095c000 	C:\Program Files\Android\Android Studio\jbr\bin\vcruntime140_1.dll
0x00007ffcc16b0000 - 0x00007ffcc173d000 	C:\Program Files\Android\Android Studio\jbr\bin\msvcp140.dll
0x00007ffc8aee0000 - 0x00007ffc8bb63000 	C:\Program Files\Android\Android Studio\jbr\bin\server\jvm.dll
0x00007ffd08a70000 - 0x00007ffd08b22000 	C:\Windows\System32\ADVAPI32.dll
0x00007ffd07600000 - 0x00007ffd076a7000 	C:\Windows\System32\sechost.dll
0x00007ffd067a0000 - 0x00007ffd067c8000 	C:\Windows\System32\bcrypt.dll
0x00007ffd08790000 - 0x00007ffd088a4000 	C:\Windows\System32\RPCRT4.dll
0x00007ffd07240000 - 0x00007ffd072b1000 	C:\Windows\System32\WS2_32.dll
0x00007ffcff360000 - 0x00007ffcff36a000 	C:\Windows\SYSTEM32\VERSION.dll
0x00007ffcff4c0000 - 0x00007ffcff4f4000 	C:\Windows\SYSTEM32\WINMM.dll
0x00007ffd05840000 - 0x00007ffd0588d000 	C:\Windows\SYSTEM32\POWRPROF.dll
0x00007ffd05820000 - 0x00007ffd05833000 	C:\Windows\SYSTEM32\UMPDC.dll
0x00007ffd04fa0000 - 0x00007ffd04fb8000 	C:\Windows\SYSTEM32\kernel.appcore.dll
0x00007ffcffc20000 - 0x00007ffcffc2a000 	C:\Program Files\Android\Android Studio\jbr\bin\jimage.dll
0x00007ffd037d0000 - 0x00007ffd03a02000 	C:\Windows\SYSTEM32\DBGHELP.DLL
0x00007ffd07b80000 - 0x00007ffd07f0f000 	C:\Windows\System32\combase.dll
0x00007ffd088b0000 - 0x00007ffd08987000 	C:\Windows\System32\OLEAUT32.dll
0x00007ffcf7450000 - 0x00007ffcf7482000 	C:\Windows\SYSTEM32\dbgcore.DLL
0x00007ffd065b0000 - 0x00007ffd0662b000 	C:\Windows\System32\bcryptPrimitives.dll
0x00007ffcf04c0000 - 0x00007ffcf04e0000 	C:\Program Files\Android\Android Studio\jbr\bin\java.dll

dbghelp: loaded successfully - version: 4.0.5 - missing functions: none
symbol engine: initialized successfully - sym options: 0x614 - pdb path: .;C:\Program Files\Android\Android Studio\jbr\bin;C:\Windows\SYSTEM32;C:\Windows\WinSxS\amd64_microsoft.windows.common-controls_6595b64144ccf1df_6.0.22621.4541_none_2710d1c57384c085;C:\Program Files\Android\Android Studio\jbr\bin\server

VM Arguments:
java_command: git4idea.http.GitAskPassApp Username for 'https://github.com': 
java_class_path (initial): C:/Program Files/Android/Android Studio/plugins/vcs-git/lib/git4idea-rt.jar;C:/Program Files/Android/Android Studio/lib/externalProcess-rt.jar
Launcher Type: SUN_STANDARD

[Global flags]
     intx CICompilerCount                          = 3                                         {product} {ergonomic}
     uint ConcGCThreads                            = 1                                         {product} {ergonomic}
     uint G1ConcRefinementThreads                  = 4                                         {product} {ergonomic}
   size_t G1HeapRegionSize                         = 1048576                                   {product} {ergonomic}
    uintx GCDrainStackTargetSize                   = 64                                        {product} {ergonomic}
   size_t InitialHeapSize                          = 65011712                                  {product} {ergonomic}
   size_t MarkStackSize                            = 4194304                                   {product} {ergonomic}
   size_t MaxHeapSize                              = 1021313024                                {product} {ergonomic}
   size_t MinHeapDeltaBytes                        = 1048576                                   {product} {ergonomic}
   size_t MinHeapSize                              = 8388608                                   {product} {ergonomic}
    uintx NonNMethodCodeHeapSize                   = 5832780                                {pd product} {ergonomic}
    uintx NonProfiledCodeHeapSize                  = 122912730                              {pd product} {ergonomic}
    uintx ProfiledCodeHeapSize                     = 122912730                              {pd product} {ergonomic}
    uintx ReservedCodeCacheSize                    = 251658240                              {pd product} {ergonomic}
     bool SegmentedCodeCache                       = true                                      {product} {ergonomic}
   size_t SoftMaxHeapSize                          = 1021313024                             {manageable} {ergonomic}
     bool UseCompressedOops                        = true                           {product lp64_product} {ergonomic}
     bool UseG1GC                                  = true                                      {product} {ergonomic}
     bool UseLargePagesIndividualAllocation        = false                                  {pd product} {ergonomic}

Logging:
Log output configuration:
 #0: stdout all=warning uptime,level,tags foldmultilines=false
 #1: stderr all=off uptime,level,tags foldmultilines=false

Environment Variables:
PATH=C:\Program Files\Git\mingw64\libexec\git-core;C:\Program Files\Git\mingw64\libexec\git-core;C:\Program Files\Git\mingw64\bin;C:\Program Files\Git\usr\bin;C:\Users\mauri\bin;C:\Windows\system32;C:\Windows;C:\Windows\System32\Wbem;C:\Windows\System32\WindowsPowerShell\v1.0;C:\Windows\System32\OpenSSH;C:\Program Files\Microsoft SQL Server\130\Tools\Binn;C:\Program Files\Microsoft SQL Server\Client SDK\ODBC\170\Tools\Binn;C:\Program Files (x86)\Microsoft SQL Server\160\Tools\Binn;C:\Program Files\Microsoft SQL Server\160\Tools\Binn;C:\Program Files\Microsoft SQL Server\160\DTS\Binn;C:\Program Files (x86)\Microsoft SQL Server\160\DTS\Binn;C:\Program Files\Git\cmd;C:\Users\mauri\AppData\Local\Microsoft\WindowsApps
USERNAME=mauri
DISPLAY=:0.0
LC_ALL=en_US.UTF-8
TERM=xterm-256color
TMPDIR=C:\Users\mauri\AppData\Local\Temp
OS=Windows_NT
PROCESSOR_IDENTIFIER=Intel64 Family 6 Model 140 Stepping 1, GenuineIntel
TMP=C:\Users\mauri\AppData\Local\Temp
TEMP=C:\Users\mauri\AppData\Local\Temp




Periodic native trim disabled

JNI global refs:
JNI global refs: 0, weak refs: 0

JNI global refs memory usage: 0, weak refs: 0

Process memory usage:
Resident Set Size: 10940K (0% of 3988792K total physical memory with 276292K free physical memory)

OOME stack traces (most recent first):
Classloader memory used:

---------------  S Y S T E M  ---------------

OS:
 Windows 11 , 64 bit Build 22621 (10.0.22621.4391)
OS uptime: 6 days 2:33 hours
Hyper-V role detected

CPU: total 4 (initial active 4) (2 cores per cpu, 2 threads per core) family 6 model 140 stepping 1 microcode 0xa4, cx8, cmov, fxsr, ht, mmx, 3dnowpref, sse, sse2, sse3, ssse3, sse4.1, sse4.2, popcnt, lzcnt, tsc, tscinvbit, avx, avx2, aes, erms, clmul, bmi1, bmi2, adx, avx512f, avx512dq, avx512cd, avx512bw, avx512vl, sha, fma, vzeroupper, avx512_vpopcntdq, avx512_vpclmulqdq, avx512_vaes, avx512_vnni, clflush, clflushopt, clwb, avx512_vbmi2, avx512_vbmi, hv, rdtscp, rdpid, fsrm, gfni, avx512_bitalg, f16c, cet_ibt, cet_ss, avx512_ifma
Processor Information for all 4 processors :
  Max Mhz: 2995, Current Mhz: 2995, Mhz Limit: 2995

Memory: 4k page, system-wide physical 3895M (269M free)
TotalPageFile size 15671M (AvailPageFile size 40M)
current process WorkingSet (physical memory assigned to process): 10M, peak: 10M
current process commit charge ("private bytes"): 51M, peak: 113M

vm_info: OpenJDK 64-Bit Server VM (21.0.4+-12508038-b607.1) for windows-amd64 JRE (21.0.4+-12508038-b607.1), built on 2024-10-16T17:23:34Z by "builder" with MS VC++ 16.10 / 16.11 (VS2019)

END.
